0 info it worked if it ends with ok
1 verbose cli [ '/usr/local/bin/node', '/usr/local/bin/npm', 'install' ]
2 info using npm@2.14.9
3 info using node@v5.0.0
4 verbose readDependencies loading dependencies from /Users/jamierose/todo_challenge/package.json
5 verbose install where, deps [ '/Users/jamierose/todo_challenge',
5 verbose install   [ 'express',
5 verbose install     'http-server',
5 verbose install     'jasmine-core',
5 verbose install     'karma',
5 verbose install     'karma-chrome-launcher',
5 verbose install     'karma-jasmine',
5 verbose install     'karma-phantomjs-launcher',
5 verbose install     'phantomjs',
5 verbose install     'protractor' ] ]
6 verbose install where, peers [ '/Users/jamierose/todo_challenge', [] ]
7 verbose installManyTop reading for lifecycle /Users/jamierose/todo_challenge/package.json
8 info preinstall todo_challenge@1.0.0
9 verbose installManyTop reading scoped package data from /Users/jamierose/todo_challenge/node_modules/express/package.json
10 verbose installManyTop reading scoped package data from /Users/jamierose/todo_challenge/node_modules/http-server/package.json
11 verbose installManyTop reading scoped package data from /Users/jamierose/todo_challenge/node_modules/jasmine-core/package.json
12 verbose installManyTop reading scoped package data from /Users/jamierose/todo_challenge/node_modules/karma/package.json
13 verbose installManyTop reading scoped package data from /Users/jamierose/todo_challenge/node_modules/karma-chrome-launcher/package.json
14 verbose installManyTop reading scoped package data from /Users/jamierose/todo_challenge/node_modules/karma-jasmine/package.json
15 verbose installManyTop reading scoped package data from /Users/jamierose/todo_challenge/node_modules/karma-phantomjs-launcher/package.json
16 verbose installManyTop reading scoped package data from /Users/jamierose/todo_challenge/node_modules/phantomjs/package.json
17 verbose installManyTop reading scoped package data from /Users/jamierose/todo_challenge/node_modules/protractor/package.json
18 verbose readDependencies loading dependencies from /Users/jamierose/todo_challenge/package.json
19 verbose targetResolver reading package data from /Users/jamierose/todo_challenge/node_modules/express/package.json
20 verbose targetResolver reading package data from /Users/jamierose/todo_challenge/node_modules/http-server/package.json
21 verbose targetResolver reading package data from /Users/jamierose/todo_challenge/node_modules/jasmine-core/package.json
22 verbose targetResolver reading package data from /Users/jamierose/todo_challenge/node_modules/karma/package.json
23 verbose targetResolver reading package data from /Users/jamierose/todo_challenge/node_modules/karma-chrome-launcher/package.json
24 verbose targetResolver reading package data from /Users/jamierose/todo_challenge/node_modules/karma-jasmine/package.json
25 verbose targetResolver reading package data from /Users/jamierose/todo_challenge/node_modules/karma-phantomjs-launcher/package.json
26 verbose targetResolver reading package data from /Users/jamierose/todo_challenge/node_modules/phantomjs/package.json
27 verbose targetResolver reading package data from /Users/jamierose/todo_challenge/node_modules/protractor/package.json
28 verbose targetResolver reading package data from /Users/jamierose/todo_challenge/node_modules/.bin/hs/package.json
29 verbose targetResolver reading package data from /Users/jamierose/todo_challenge/node_modules/.bin/http-server/package.json
30 verbose targetResolver reading package data from /Users/jamierose/todo_challenge/node_modules/.bin/karma/package.json
31 verbose targetResolver reading package data from /Users/jamierose/todo_challenge/node_modules/.bin/phantomjs/package.json
32 verbose targetResolver reading package data from /Users/jamierose/todo_challenge/node_modules/.bin/protractor/package.json
33 verbose targetResolver reading package data from /Users/jamierose/todo_challenge/node_modules/.bin/webdriver-manager/package.json
34 verbose already installed skipping http-server@^0.8.5 /Users/jamierose/todo_challenge
35 verbose already installed skipping jasmine-core@^2.4.1 /Users/jamierose/todo_challenge
36 verbose already installed skipping karma@^0.13.15 /Users/jamierose/todo_challenge
37 verbose already installed skipping karma-chrome-launcher@^0.2.2 /Users/jamierose/todo_challenge
38 verbose already installed skipping karma-jasmine@^0.3.6 /Users/jamierose/todo_challenge
39 verbose already installed skipping karma-phantomjs-launcher@^0.2.1 /Users/jamierose/todo_challenge
40 verbose already installed skipping phantomjs@^1.9.19 /Users/jamierose/todo_challenge
41 verbose already installed skipping protractor@^3.0.0 /Users/jamierose/todo_challenge
42 verbose already installed skipping express@^4.13.3 /Users/jamierose/todo_challenge
43 silly install resolved []
44 info build /Users/jamierose/todo_challenge
45 info linkStuff todo_challenge@1.0.0
46 silly linkStuff todo_challenge@1.0.0 has /Users/jamierose as its parent node_modules
47 verbose linkBins todo_challenge@1.0.0
48 verbose linkMans todo_challenge@1.0.0
49 verbose rebuildBundles todo_challenge@1.0.0
50 verbose rebuildBundles [ '.bin',
50 verbose rebuildBundles   'express',
50 verbose rebuildBundles   'http-server',
50 verbose rebuildBundles   'jasmine-core',
50 verbose rebuildBundles   'karma',
50 verbose rebuildBundles   'karma-chrome-launcher',
50 verbose rebuildBundles   'karma-jasmine',
50 verbose rebuildBundles   'karma-phantomjs-launcher',
50 verbose rebuildBundles   'phantomjs',
50 verbose rebuildBundles   'protractor' ]
51 info install todo_challenge@1.0.0
52 info postinstall todo_challenge@1.0.0
53 verbose unsafe-perm in lifecycle true
54 info todo_challenge@1.0.0 Failed to exec postinstall script
55 verbose stack Error: todo_challenge@1.0.0 postinstall: `bower install`
55 verbose stack Exit status 1
55 verbose stack     at EventEmitter.<anonymous> (/usr/local/lib/node_modules/npm/lib/utils/lifecycle.js:214:16)
55 verbose stack     at emitTwo (events.js:87:13)
55 verbose stack     at EventEmitter.emit (events.js:172:7)
55 verbose stack     at ChildProcess.<anonymous> (/usr/local/lib/node_modules/npm/lib/utils/spawn.js:24:14)
55 verbose stack     at emitTwo (events.js:87:13)
55 verbose stack     at ChildProcess.emit (events.js:172:7)
55 verbose stack     at maybeClose (internal/child_process.js:818:16)
55 verbose stack     at Process.ChildProcess._handle.onexit (internal/child_process.js:211:5)
56 verbose pkgid todo_challenge@1.0.0
57 verbose cwd /Users/jamierose/todo_challenge
58 error Darwin 15.0.0
59 error argv "/usr/local/bin/node" "/usr/local/bin/npm" "install"
60 error node v5.0.0
61 error npm  v2.14.9
62 error code ELIFECYCLE
63 error todo_challenge@1.0.0 postinstall: `bower install`
63 error Exit status 1
64 error Failed at the todo_challenge@1.0.0 postinstall script 'bower install'.
64 error This is most likely a problem with the todo_challenge package,
64 error not with npm itself.
64 error Tell the author that this fails on your system:
64 error     bower install
64 error You can get their info via:
64 error     npm owner ls todo_challenge
64 error There is likely additional logging output above.
65 verbose exit [ 1, true ]
